::1 - - [14/Oct/2023:09:39:14 +0000] "GET /auth/google HTTP/1.1" 404 150 "-" "Mozilla/5.0 (Windows NT 10.0; Win64; x64) AppleWebKit/537.36 (KHTML, like Gecko) Chrome/117.0.0.0 Safari/537.36"
::1 - - [14/Oct/2023:09:39:18 +0000] "GET / HTTP/1.1" 200 31 "-" "Mozilla/5.0 (Windows NT 10.0; Win64; x64) AppleWebKit/537.36 (KHTML, like Gecko) Chrome/117.0.0.0 Safari/537.36"
::1 - - [14/Oct/2023:09:39:19 +0000] "GET /favicon.ico HTTP/1.1" 404 150 "http://localhost:8000/" "Mozilla/5.0 (Windows NT 10.0; Win64; x64) AppleWebKit/537.36 (KHTML, like Gecko) Chrome/117.0.0.0 Safari/537.36"
::1 - - [14/Oct/2023:09:39:19 +0000] "GET /images/icons/gear.png HTTP/1.1" 404 160 "http://localhost:8000/" "Mozilla/5.0 (Windows NT 10.0; Win64; x64) AppleWebKit/537.36 (KHTML, like Gecko) Chrome/117.0.0.0 Safari/537.36"
::1 - - [14/Oct/2023:09:55:41 +0000] "POST /mail/message HTTP/1.1" 400 34 "-" "PostmanRuntime/7.33.0"
::1 - - [14/Oct/2023:12:42:37 +0000] "POST /mail/message HTTP/1.1" 400 34 "-" "PostmanRuntime/7.33.0"
::1 - - [14/Oct/2023:12:49:43 +0000] "GET /project HTTP/1.1" 404 146 "-" "PostmanRuntime/7.33.0"
::1 - - [14/Oct/2023:12:50:42 +0000] "GET /project HTTP/1.1" 404 29 "-" "PostmanRuntime/7.33.0"
::1 - - [14/Oct/2023:13:06:59 +0000] "POST /project HTTP/1.1" 400 35 "-" "PostmanRuntime/7.33.0"
::1 - - [14/Oct/2023:13:08:02 +0000] "POST /project HTTP/1.1" 400 35 "-" "PostmanRuntime/7.33.0"
::1 - - [14/Oct/2023:13:09:33 +0000] "POST /project HTTP/1.1" 400 41 "-" "PostmanRuntime/7.33.0"
::1 - - [14/Oct/2023:13:10:04 +0000] "POST /project HTTP/1.1" 400 36 "-" "PostmanRuntime/7.33.0"
::1 - - [14/Oct/2023:13:10:38 +0000] "POST /project HTTP/1.1" 400 37 "-" "PostmanRuntime/7.33.0"
::1 - - [14/Oct/2023:13:11:07 +0000] "POST /project HTTP/1.1" 400 42 "-" "PostmanRuntime/7.33.0"
::1 - - [14/Oct/2023:13:11:27 +0000] "POST /project HTTP/1.1" 400 42 "-" "PostmanRuntime/7.33.0"
::1 - - [14/Oct/2023:13:14:11 +0000] "POST /project HTTP/1.1" 500 1246 "-" "PostmanRuntime/7.33.0"
::1 - - [14/Oct/2023:13:14:24 +0000] "POST /project HTTP/1.1" 400 35 "-" "PostmanRuntime/7.33.0"
::1 - - [14/Oct/2023:13:14:33 +0000] "POST /project HTTP/1.1" 400 35 "-" "PostmanRuntime/7.33.0"
::1 - - [14/Oct/2023:13:14:41 +0000] "POST /project HTTP/1.1" 400 35 "-" "PostmanRuntime/7.33.0"
::1 - - [14/Oct/2023:13:16:37 +0000] "POST /project HTTP/1.1" 400 35 "-" "PostmanRuntime/7.33.0"
::1 - - [14/Oct/2023:13:18:22 +0000] "POST /project HTTP/1.1" 400 320 "-" "PostmanRuntime/7.33.0"
::1 - - [14/Oct/2023:13:18:51 +0000] "POST /project HTTP/1.1" 400 365 "-" "PostmanRuntime/7.33.0"
::1 - - [14/Oct/2023:13:21:35 +0000] "POST /project HTTP/1.1" 400 35 "-" "PostmanRuntime/7.33.0"
::1 - - [14/Oct/2023:13:22:15 +0000] "POST /project HTTP/1.1" 400 35 "-" "PostmanRuntime/7.33.0"
::1 - - [14/Oct/2023:13:22:50 +0000] "POST /project HTTP/1.1" 500 1246 "-" "PostmanRuntime/7.33.0"
::1 - - [14/Oct/2023:13:23:23 +0000] "POST /project HTTP/1.1" 500 1246 "-" "PostmanRuntime/7.33.0"
::1 - - [14/Oct/2023:13:23:36 +0000] "POST /project HTTP/1.1" 500 1246 "-" "PostmanRuntime/7.33.0"
::1 - - [14/Oct/2023:13:23:50 +0000] "POST /project HTTP/1.1" 500 1246 "-" "PostmanRuntime/7.33.0"
::1 - - [14/Oct/2023:13:24:22 +0000] "POST /project HTTP/1.1" 400 41 "-" "PostmanRuntime/7.33.0"
::1 - - [14/Oct/2023:13:24:31 +0000] "POST /project HTTP/1.1" 400 35 "-" "PostmanRuntime/7.33.0"
::1 - - [14/Oct/2023:13:25:40 +0000] "POST /project HTTP/1.1" 500 591 "-" "PostmanRuntime/7.33.0"
::1 - - [14/Oct/2023:13:27:00 +0000] "POST /project HTTP/1.1" 201 292 "-" "PostmanRuntime/7.33.0"
::1 - - [14/Oct/2023:13:29:04 +0000] "POST /project/652a97243f438738eb234b9d HTTP/1.1" 404 29 "-" "PostmanRuntime/7.33.0"
::1 - - [14/Oct/2023:13:29:18 +0000] "POST /project/id=652a97243f438738eb234b9d HTTP/1.1" 404 29 "-" "PostmanRuntime/7.33.0"
::1 - - [14/Oct/2023:13:30:32 +0000] "POST /project/?id=652a97243f438738eb234b9d HTTP/1.1" 400 35 "-" "PostmanRuntime/7.33.0"
::1 - - [14/Oct/2023:13:31:18 +0000] "PATCH /project/?id=652a97243f438738eb234b9d HTTP/1.1" 404 29 "-" "PostmanRuntime/7.33.0"
::1 - - [14/Oct/2023:13:32:29 +0000] "PATCH /project/id=652a97243f438738eb234b9d HTTP/1.1" 500 1441 "-" "PostmanRuntime/7.33.0"
::1 - - [14/Oct/2023:13:34:09 +0000] "PATCH /project/id=652a97243f438738eb234b9d HTTP/1.1" 500 1441 "-" "PostmanRuntime/7.33.0"
::1 - - [14/Oct/2023:13:34:18 +0000] "PATCH /project/id=652a97243f438738eb234b9d HTTP/1.1" 500 1441 "-" "PostmanRuntime/7.33.0"
::1 - - [14/Oct/2023:13:35:04 +0000] "PATCH /project/id=652a97243f438738eb234b9d HTTP/1.1" 500 1393 "-" "PostmanRuntime/7.33.0"
::1 - - [14/Oct/2023:13:38:21 +0000] "PATCH /project/id=652a97243f438738eb234b9d HTTP/1.1" 500 1441 "-" "PostmanRuntime/7.33.0"
::1 - - [14/Oct/2023:13:38:40 +0000] "PATCH /project/652a97243f438738eb234b9d HTTP/1.1" 200 292 "-" "PostmanRuntime/7.33.0"
::1 - - [14/Oct/2023:13:40:20 +0000] "PATCH /project/652a97243f438738eb234b9d HTTP/1.1" 200 292 "-" "PostmanRuntime/7.33.0"
::1 - - [14/Oct/2023:13:44:26 +0000] "PATCH /project/652a97243f438738eb234b9d HTTP/1.1" 200 292 "-" "PostmanRuntime/7.33.0"
::1 - - [14/Oct/2023:13:50:19 +0000] "PATCH /project/652a97243f438738eb234b9d HTTP/1.1" 500 282 "-" "PostmanRuntime/7.33.0"
::1 - - [14/Oct/2023:13:50:55 +0000] "PATCH /project/652a97243f438738eb234b9d HTTP/1.1" 200 22 "-" "PostmanRuntime/7.33.0"
::1 - - [14/Oct/2023:13:57:54 +0000] "PATCH /project/652a97243f438738eb234b9d HTTP/1.1" 200 22 "-" "PostmanRuntime/7.33.0"
::1 - - [14/Oct/2023:14:02:53 +0000] "PATCH /project/652a97243f438738eb234b9d HTTP/1.1" 200 292 "-" "PostmanRuntime/7.33.0"
::1 - - [14/Oct/2023:14:04:44 +0000] "PATCH /project/652a97243f438738eb234b9d HTTP/1.1" 500 294 "-" "PostmanRuntime/7.33.0"
::1 - - [14/Oct/2023:14:05:41 +0000] "PATCH /project/652a97243f438738eb234b9d HTTP/1.1" 200 292 "-" "PostmanRuntime/7.33.0"
::1 - - [14/Oct/2023:14:07:06 +0000] "PATCH /project/652a97243f438738eb234b9d HTTP/1.1" 500 278 "-" "PostmanRuntime/7.33.0"
::1 - - [14/Oct/2023:14:08:25 +0000] "PATCH /project/652a97243f438738eb234b9d HTTP/1.1" 200 292 "-" "PostmanRuntime/7.33.0"
::1 - - [14/Oct/2023:14:09:41 +0000] "PATCH /project/652a97243f438738eb234b9d HTTP/1.1" 200 292 "-" "PostmanRuntime/7.33.0"
::1 - - [14/Oct/2023:14:10:10 +0000] "PATCH /project/652a97243f438738eb234b9d HTTP/1.1" 200 289 "-" "PostmanRuntime/7.33.0"
::1 - - [14/Oct/2023:14:32:59 +0000] "PATCH /project/652a97243f438738eb234b9d HTTP/1.1" 500 1329 "-" "PostmanRuntime/7.33.0"
::1 - - [14/Oct/2023:14:35:00 +0000] "PATCH /project/652a97243f438738eb234b9d HTTP/1.1" 500 1329 "-" "PostmanRuntime/7.33.0"
::1 - - [14/Oct/2023:14:35:06 +0000] "PATCH /project/652a97243f438738eb234b9d HTTP/1.1" 500 1329 "-" "PostmanRuntime/7.33.0"
::1 - - [14/Oct/2023:14:36:49 +0000] "PATCH /project/652a97243f438738eb234b9d HTTP/1.1" 500 1283 "-" "PostmanRuntime/7.33.0"
::1 - - [14/Oct/2023:14:38:42 +0000] "PATCH /project/652a97243f438738eb234b9d HTTP/1.1" 500 1283 "-" "PostmanRuntime/7.33.0"
::1 - - [14/Oct/2023:14:40:12 +0000] "PATCH /project/652a97243f438738eb234b9d HTTP/1.1" 200 289 "-" "PostmanRuntime/7.33.0"
::1 - - [14/Oct/2023:14:40:38 +0000] "PATCH /project/652a97243f438738eb234b9d HTTP/1.1" 400 65 "-" "PostmanRuntime/7.33.0"
::1 - - [14/Oct/2023:14:40:46 +0000] "PATCH /project/652a97243f438738eb234b9d HTTP/1.1" 200 285 "-" "PostmanRuntime/7.33.0"
::1 - - [14/Oct/2023:15:35:10 +0000] "PATCH /project/652a97243f438738eb234b9d HTTP/1.1" 200 285 "-" "PostmanRuntime/7.33.0"
::1 - - [14/Oct/2023:15:38:12 +0000] "PATCH /project/652a97243f438738eb234b9d HTTP/1.1" 200 285 "-" "PostmanRuntime/7.33.0"
::1 - - [14/Oct/2023:15:38:22 +0000] "PATCH /project/652a97243f438738eb234b9d HTTP/1.1" 400 65 "-" "PostmanRuntime/7.33.0"
::1 - - [14/Oct/2023:15:43:18 +0000] "PATCH /project/652a97243f438738eb234b9d HTTP/1.1" 400 65 "-" "PostmanRuntime/7.33.0"
::1 - - [14/Oct/2023:15:47:41 +0000] "PATCH /project/652a97243f438738eb234b9d HTTP/1.1" 400 65 "-" "PostmanRuntime/7.33.0"
::1 - - [14/Oct/2023:15:48:26 +0000] "PATCH /project/652a97243f438738eb234b9d HTTP/1.1" 200 284 "-" "PostmanRuntime/7.33.0"
::1 - - [14/Oct/2023:15:52:49 +0000] "PATCH /project/652a97243f438738eb234b9d HTTP/1.1" 500 1211 "-" "PostmanRuntime/7.33.0"
::1 - - [14/Oct/2023:15:53:59 +0000] "PATCH /project/652a97243f438738eb234b9d HTTP/1.1" 500 1218 "-" "PostmanRuntime/7.33.0"
::1 - - [14/Oct/2023:15:55:55 +0000] "PATCH /project/652a97243f438738eb234b9d HTTP/1.1" 500 1218 "-" "PostmanRuntime/7.33.0"
::1 - - [14/Oct/2023:15:55:59 +0000] "PATCH /project/652a97243f438738eb234b9d HTTP/1.1" 500 1218 "-" "PostmanRuntime/7.33.0"
::1 - - [14/Oct/2023:15:57:53 +0000] "PATCH /project/652a97243f438738eb234b9d HTTP/1.1" 500 1218 "-" "PostmanRuntime/7.33.0"
::1 - - [14/Oct/2023:15:58:40 +0000] "PATCH /project/652a97243f438738eb234b9d HTTP/1.1" 500 1218 "-" "PostmanRuntime/7.33.0"
::1 - - [14/Oct/2023:15:58:44 +0000] "PATCH /project/652a97243f438738eb234b9d HTTP/1.1" 500 1218 "-" "PostmanRuntime/7.33.0"
::1 - - [14/Oct/2023:15:59:12 +0000] "PATCH /project/652a97243f438738eb234b9d HTTP/1.1" 400 1218 "-" "PostmanRuntime/7.33.0"
::1 - - [14/Oct/2023:16:06:23 +0000] "PATCH /project/652a97243f438738eb234b9d HTTP/1.1" 400 1218 "-" "PostmanRuntime/7.33.0"
::1 - - [14/Oct/2023:16:06:40 +0000] "PATCH /project/652a97243f438738eb234b9d HTTP/1.1" 200 286 "-" "PostmanRuntime/7.33.0"
::1 - - [14/Oct/2023:16:10:39 +0000] "DELETE /project/652a97243f438738eb234b9d HTTP/1.1" 500 286 "-" "PostmanRuntime/7.33.0"
::1 - - [14/Oct/2023:16:11:32 +0000] "DELETE /project/652a97243f438738eb234b9d HTTP/1.1" 200 42 "-" "PostmanRuntime/7.33.0"
::1 - - [14/Oct/2023:16:11:44 +0000] "DELETE /project/652a97243f438738eb234b9d HTTP/1.1" 500 252 "-" "PostmanRuntime/7.33.0"
::1 - - [14/Oct/2023:16:33:09 +0000] "POST /skill HTTP/1.1" 400 1273 "-" "PostmanRuntime/7.33.0"
::1 - - [14/Oct/2023:16:33:42 +0000] "POST /skill HTTP/1.1" 400 1279 "-" "PostmanRuntime/7.33.0"
::1 - - [14/Oct/2023:16:34:24 +0000] "POST /skill HTTP/1.1" 400 1283 "-" "PostmanRuntime/7.33.0"
::1 - - [14/Oct/2023:16:34:52 +0000] "POST /skill HTTP/1.1" 400 1279 "-" "PostmanRuntime/7.33.0"
::1 - - [14/Oct/2023:16:35:26 +0000] "POST /skill HTTP/1.1" 500 1269 "-" "PostmanRuntime/7.33.0"
::1 - - [14/Oct/2023:16:36:23 +0000] "POST /skill HTTP/1.1" 201 163 "-" "PostmanRuntime/7.33.0"
::1 - - [14/Oct/2023:16:37:15 +0000] "PATCH /skill/652ac3864674febaf3067eca HTTP/1.1" 200 163 "-" "PostmanRuntime/7.33.0"
::1 - - [14/Oct/2023:16:37:37 +0000] "PATCH /skill/652ac3864674febaf3067eca HTTP/1.1" 200 161 "-" "PostmanRuntime/7.33.0"
::1 - - [14/Oct/2023:16:38:15 +0000] "DELETE /skill/652ac3864674febaf3067eca HTTP/1.1" 200 40 "-" "PostmanRuntime/7.33.0"
::1 - - [14/Oct/2023:17:06:15 +0000] "POST /contact HTTP/1.1" 400 1285 "-" "PostmanRuntime/7.33.0"
::1 - - [14/Oct/2023:17:10:21 +0000] "POST /contact HTTP/1.1" 400 1293 "-" "PostmanRuntime/7.33.0"
::1 - - [14/Oct/2023:17:10:54 +0000] "POST /contact HTTP/1.1" 201 141 "-" "PostmanRuntime/7.33.0"
::1 - - [14/Oct/2023:17:11:39 +0000] "PATCH /contact/652acb9ef4f7a6264553638e HTTP/1.1" 200 141 "-" "PostmanRuntime/7.33.0"
::1 - - [14/Oct/2023:17:12:14 +0000] "PATCH /contact/652acb9ef4f7a6264553638e HTTP/1.1" 200 141 "-" "PostmanRuntime/7.33.0"
::1 - - [14/Oct/2023:17:12:49 +0000] "DELETE /contact/652acb9ef4f7a6264553638e HTTP/1.1" 200 141 "-" "PostmanRuntime/7.33.0"
::1 - - [14/Oct/2023:17:12:56 +0000] "DELETE /contact/652acb9ef4f7a6264553638e HTTP/1.1" 200 4 "-" "PostmanRuntime/7.33.0"
::1 - - [14/Oct/2023:17:12:59 +0000] "DELETE /contact/652acb9ef4f7a6264553638e HTTP/1.1" 200 4 "-" "PostmanRuntime/7.33.0"
::1 - - [15/Oct/2023:04:52:43 +0000] "GET /user HTTP/1.1" 200 4 "-" "PostmanRuntime/7.33.0"
::1 - - [15/Oct/2023:04:53:51 +0000] "GET /user HTTP/1.1" 200 4 "-" "PostmanRuntime/7.33.0"
::1 - - [15/Oct/2023:04:57:54 +0000] "GET /user HTTP/1.1" 500 1975 "-" "PostmanRuntime/7.33.0"
::1 - - [15/Oct/2023:04:58:20 +0000] "GET /user HTTP/1.1" 500 1975 "-" "PostmanRuntime/7.33.0"
::1 - - [15/Oct/2023:04:59:00 +0000] "GET /user HTTP/1.1" 404 237 "-" "PostmanRuntime/7.33.0"
::1 - - [15/Oct/2023:04:59:06 +0000] "GET /user HTTP/1.1" 200 109 "-" "PostmanRuntime/7.33.0"
::1 - - [15/Oct/2023:05:02:05 +0000] "GET /user HTTP/1.1" 200 109 "-" "PostmanRuntime/7.33.0"
::1 - - [15/Oct/2023:05:02:36 +0000] "POST /project HTTP/1.1" 500 1246 "-" "PostmanRuntime/7.33.0"
::1 - - [15/Oct/2023:05:02:47 +0000] "POST /skill HTTP/1.1" 500 1242 "-" "PostmanRuntime/7.33.0"
::1 - - [15/Oct/2023:05:02:55 +0000] "POST /contact HTTP/1.1" 201 141 "-" "PostmanRuntime/7.33.0"
::1 - - [15/Oct/2023:05:02:59 +0000] "POST /contact HTTP/1.1" 201 141 "-" "PostmanRuntime/7.33.0"
::1 - - [15/Oct/2023:05:03:08 +0000] "GET /user HTTP/1.1" 200 109 "-" "PostmanRuntime/7.33.0"
::1 - - [15/Oct/2023:05:10:34 +0000] "GET /user HTTP/1.1" 200 153 "-" "PostmanRuntime/7.33.0"
::1 - - [15/Oct/2023:05:10:43 +0000] "GET /user HTTP/1.1" 200 153 "-" "PostmanRuntime/7.33.0"
::1 - - [15/Oct/2023:05:11:06 +0000] "POST /contact HTTP/1.1" 201 141 "-" "PostmanRuntime/7.33.0"
::1 - - [15/Oct/2023:05:11:12 +0000] "GET /user HTTP/1.1" 200 153 "-" "PostmanRuntime/7.33.0"
::1 - - [15/Oct/2023:05:16:35 +0000] "GET /user HTTP/1.1" 500 1361 "-" "PostmanRuntime/7.33.0"
::1 - - [15/Oct/2023:05:17:09 +0000] "GET /user HTTP/1.1" 200 153 "-" "PostmanRuntime/7.33.0"
::1 - - [15/Oct/2023:05:17:16 +0000] "GET /user HTTP/1.1" 200 153 "-" "PostmanRuntime/7.33.0"
::1 - - [15/Oct/2023:05:18:09 +0000] "GET /user HTTP/1.1" 200 153 "-" "PostmanRuntime/7.33.0"
::1 - - [15/Oct/2023:05:18:14 +0000] "GET /user HTTP/1.1" 200 153 "-" "PostmanRuntime/7.33.0"
::1 - - [15/Oct/2023:05:25:11 +0000] "GET /user HTTP/1.1" 500 1446 "-" "PostmanRuntime/7.33.0"
::1 - - [15/Oct/2023:05:26:08 +0000] "GET /user HTTP/1.1" 500 306 "-" "PostmanRuntime/7.33.0"
::1 - - [15/Oct/2023:05:27:46 +0000] "GET /user HTTP/1.1" 500 306 "-" "PostmanRuntime/7.33.0"
::1 - - [15/Oct/2023:05:29:16 +0000] "GET /user HTTP/1.1" 404 236 "-" "PostmanRuntime/7.33.0"
::1 - - [15/Oct/2023:05:30:39 +0000] "GET /user HTTP/1.1" 404 236 "-" "PostmanRuntime/7.33.0"
::1 - - [15/Oct/2023:05:31:07 +0000] "GET /user HTTP/1.1" 200 153 "-" "PostmanRuntime/7.33.0"
::1 - - [15/Oct/2023:05:31:48 +0000] "GET /user HTTP/1.1" 200 153 "-" "PostmanRuntime/7.33.0"
::1 - - [15/Oct/2023:05:31:51 +0000] "GET /user HTTP/1.1" 200 153 "-" "PostmanRuntime/7.33.0"
::1 - - [15/Oct/2023:05:37:00 +0000] "GET /user HTTP/1.1" 200 153 "-" "PostmanRuntime/7.33.0"
::1 - - [15/Oct/2023:05:37:45 +0000] "GET /user HTTP/1.1" 200 153 "-" "PostmanRuntime/7.33.0"
::1 - - [15/Oct/2023:05:50:57 +0000] "POST /contact HTTP/1.1" 500 1354 "-" "PostmanRuntime/7.33.0"
::1 - - [15/Oct/2023:05:58:53 +0000] "POST /contact HTTP/1.1" 500 333 "-" "PostmanRuntime/7.33.0"
::1 - - [15/Oct/2023:06:01:08 +0000] "POST /contact HTTP/1.1" 500 333 "-" "PostmanRuntime/7.33.0"
::1 - - [15/Oct/2023:06:06:13 +0000] "POST /contact HTTP/1.1" 500 339 "-" "PostmanRuntime/7.33.0"
::1 - - [15/Oct/2023:06:06:26 +0000] "POST /contact HTTP/1.1" 500 339 "-" "PostmanRuntime/7.33.0"
::1 - - [15/Oct/2023:06:06:35 +0000] "POST /contact HTTP/1.1" 500 339 "-" "PostmanRuntime/7.33.0"
::1 - - [15/Oct/2023:06:07:57 +0000] "POST /contact HTTP/1.1" 404 28 "-" "PostmanRuntime/7.33.0"
::1 - - [15/Oct/2023:06:08:58 +0000] "POST /contact HTTP/1.1" 201 141 "-" "PostmanRuntime/7.33.0"
::1 - - [15/Oct/2023:06:09:17 +0000] "GET /user HTTP/1.1" 200 294 "-" "PostmanRuntime/7.33.0"
::1 - - [15/Oct/2023:06:12:38 +0000] "POST /contact HTTP/1.1" 201 141 "-" "PostmanRuntime/7.33.0"
::1 - - [15/Oct/2023:06:13:05 +0000] "GET /user HTTP/1.1" 200 436 "-" "PostmanRuntime/7.33.0"
::1 - - [15/Oct/2023:06:39:57 +0000] "POST /contact HTTP/1.1" 201 141 "-" "PostmanRuntime/7.33.0"
::1 - - [15/Oct/2023:06:40:08 +0000] "GET /user HTTP/1.1" 200 578 "-" "PostmanRuntime/7.33.0"
